#
# There is insufficient memory for the Java Runtime Environment to continue.
# Native memory allocation (malloc) failed to allocate 2195328 bytes for Chunk::new
# Possible reasons:
#   The system is out of physical RAM or swap space
#   In 32 bit mode, the process size limit was hit
# Possible solutions:
#   Reduce memory load on the system
#   Increase physical memory or swap space
#   Check if swap backing store is full
#   Use 64 bit Java on a 64 bit OS
#   Decrease Java heap size (-Xmx/-Xms)
#   Decrease number of Java threads
#   Decrease Java thread stack sizes (-Xss)
#   Set larger code cache with -XX:ReservedCodeCacheSize=
# This output file may be truncated or incomplete.
#
#  Out of Memory Error (allocation.cpp:390), pid=7812, tid=0x0000000000003ffc
#
# JRE version: Java(TM) SE Runtime Environment (8.0_151-b12) (build 1.8.0_151-b12)
# Java VM: Java HotSpot(TM) 64-Bit Server VM (25.151-b12 mixed mode windows-amd64 compressed oops)
# Failed to write core dump. Minidumps are not enabled by default on client versions of Windows
#

---------------  T H R E A D  ---------------

Current thread (0x0000000017cae800):  JavaThread "C2 CompilerThread0" daemon [_thread_in_native, id=16380, stack(0x00000000182b0000,0x00000000183b0000)]

Stack: [0x00000000182b0000,0x00000000183b0000]
[error occurred during error reporting (printing stack bounds), id 0xc0000005]

Native frames: (J=compiled Java code, j=interpreted, Vv=VM code, C=native code)


Current CompileTask:
C2:   2093 1359       4       org.eclipse.jdt.launching.internal.org.objectweb.asm.ClassReader::readMethod (1061 bytes)


---------------  P R O C E S S  ---------------

Java Threads: ( => current thread )
  0x0000000017d47000 JavaThread "Service Thread" daemon [_thread_blocked, id=20312, stack(0x00000000185b0000,0x00000000186b0000)]
  0x0000000017d4e800 JavaThread "C1 CompilerThread2" daemon [_thread_blocked, id=15952, stack(0x00000000184b0000,0x00000000185b0000)]
  0x0000000017d4d800 JavaThread "C2 CompilerThread1" daemon [_thread_blocked, id=2308, stack(0x00000000183b0000,0x00000000184b0000)]
=>0x0000000017cae800 JavaThread "C2 CompilerThread0" daemon [_thread_in_native, id=16380, stack(0x00000000182b0000,0x00000000183b0000)]
  0x000000001721b000 JavaThread "JDWP Command Reader" daemon [_thread_in_native, id=14720, stack(0x00000000179b0000,0x0000000017ab0000)]
  0x0000000017217800 JavaThread "JDWP Event Helper Thread" daemon [_thread_blocked, id=20384, stack(0x00000000178b0000,0x00000000179b0000)]
  0x000000001720a000 JavaThread "JDWP Transport Listener: dt_socket" daemon [_thread_blocked, id=17316, stack(0x00000000177b0000,0x00000000178b0000)]
  0x00000000171b9800 JavaThread "Attach Listener" daemon [_thread_blocked, id=8480, stack(0x00000000176b0000,0x00000000177b0000)]
  0x0000000017206800 JavaThread "Signal Dispatcher" daemon [_thread_blocked, id=10500, stack(0x00000000175b0000,0x00000000176b0000)]
  0x00000000157b2000 JavaThread "Finalizer" daemon [_thread_blocked, id=16912, stack(0x0000000017050000,0x0000000017150000)]
  0x00000000035da800 JavaThread "Reference Handler" daemon [_thread_blocked, id=2360, stack(0x0000000016f50000,0x0000000017050000)]
  0x00000000034e7000 JavaThread "main" [_thread_blocked, id=3476, stack(0x0000000003330000,0x0000000003430000)]

Other Threads:
  0x0000000015788800 VMThread [stack: 0x0000000016e50000,0x0000000016f50000] [id=13772]
  0x0000000017e92800 WatcherThread [stack: 0x00000000186b0000,0x00000000187b0000] [id=17284]

VM state:not at safepoint (normal execution)

VM Mutex/Monitor currently owned by a thread: None

Heap:
 PSYoungGen      total 268800K, used 97552K [0x00000000ed400000, 0x0000000100000000, 0x0000000100000000)
  eden space 230400K, 42% used [0x00000000ed400000,0x00000000f33442d8,0x00000000fb500000)
  from space 38400K, 0% used [0x00000000fda80000,0x00000000fda80000,0x0000000100000000)
  to   space 38400K, 0% used [0x00000000fb500000,0x00000000fb500000,0x00000000fda80000)
 ParOldGen       total 512000K, used 0K [0x00000000ce000000, 0x00000000ed400000, 0x00000000ed400000)
  object space 512000K, 0% used [0x00000000ce000000,0x00000000ce000000,0x00000000ed400000)
 Metaspace       used 13736K, capacity 14008K, committed 14336K, reserved 1062912K
  class space    used 1459K, capacity 1521K, committed 1536K, reserved 1048576K

Card table byte_map: [0x0000000012ab0000,0x0000000012c50000] byte_map_base: 0x0000000012440000

Marking Bits: (ParMarkBitMap*) 0x0000000077f7d850
 Begin Bits: [0x0000000013350000, 0x0000000013fd0000)
 End Bits:   [0x0000000013fd0000, 0x0000000014c50000)

Polling page: 0x0000000002fb0000

CodeCache: size=245760Kb used=6241Kb max_used=6252Kb free=239518Kb
 bounds [0x00000000036f0000, 0x0000000003d10000, 0x00000000126f0000]
 total_blobs=1830 nmethods=1420 adapters=331
 compilation: enabled

Compilation events (10 events):
Event: 1.963 Thread 0x0000000017d4e800 nmethod 1417 0x0000000003d09410 code [0x0000000003d095c0, 0x0000000003d09ba8]
Event: 1.963 Thread 0x0000000017d4e800 1421       3       com.alibaba.fastjson.parser.JSONLexerBase::nextTokenWithChar (136 bytes)
Event: 1.963 Thread 0x0000000017d4d800 nmethod 1360 0x0000000003d09ed0 code [0x0000000003d0a0c0, 0x0000000003d0b5c0]
Event: 1.963 Thread 0x0000000017d4d800 1394       4       com.alibaba.fastjson.parser.JSONScanner::charAt (20 bytes)
Event: 1.964 Thread 0x0000000017d4e800 nmethod 1421 0x0000000003d06990 code [0x0000000003d06ca0, 0x0000000003d08638]
Event: 1.964 Thread 0x0000000017d4e800 1416       1       sun.reflect.ClassFileAssembler::getStack (5 bytes)
Event: 1.964 Thread 0x0000000017d4e800 nmethod 1416 0x0000000003d05550 code [0x0000000003d056a0, 0x0000000003d057b0]
Event: 1.964 Thread 0x0000000017d4e800 1422       1       com.alibaba.fastjson.parser.DefaultJSONParser::getResolveStatus (5 bytes)
Event: 1.964 Thread 0x0000000017d4e800 nmethod 1422 0x0000000003d05290 code [0x0000000003d053e0, 0x0000000003d054f0]
Event: 1.964 Thread 0x0000000017d4d800 nmethod 1394 0x0000000003d04e10 code [0x0000000003d04f60, 0x0000000003d050f8]

GC Heap History (0 events):
No events

Deoptimization events (10 events):
Event: 1.525 Thread 0x00000000034e7000 Uncommon trap: reason=unstable_if action=reinterpret pc=0x0000000003bd8380 method=sun.security.util.DerValue.isPrintableStringChar(C)Z @ 9
Event: 1.525 Thread 0x00000000034e7000 Uncommon trap: reason=unstable_if action=reinterpret pc=0x00000000037f8ac0 method=java.lang.CharacterData.of(I)Ljava/lang/CharacterData; @ 4
Event: 1.528 Thread 0x00000000034e7000 Uncommon trap: reason=unstable_if action=reinterpret pc=0x0000000003b25744 method=java.util.Arrays.equals([B[B)Z @ 41
Event: 1.607 Thread 0x00000000034e7000 Uncommon trap: reason=unstable_if action=reinterpret pc=0x000000000382e734 method=sun.nio.cs.UTF_8$Encoder.encode([CII[B)I @ 33
Event: 1.609 Thread 0x00000000034e7000 Uncommon trap: reason=class_check action=maybe_recompile pc=0x0000000003a3c994 method=java.util.regex.Pattern$Curly.match(Ljava/util/regex/Matcher;ILjava/lang/CharSequence;)Z @ 19
Event: 1.609 Thread 0x00000000034e7000 Uncommon trap: reason=class_check action=maybe_recompile pc=0x0000000003a3c994 method=java.util.regex.Pattern$Curly.match(Ljava/util/regex/Matcher;ILjava/lang/CharSequence;)Z @ 19
Event: 1.829 Thread 0x00000000034e7000 Uncommon trap: reason=class_check action=maybe_recompile pc=0x0000000003a3c994 method=java.util.regex.Pattern$Curly.match(Ljava/util/regex/Matcher;ILjava/lang/CharSequence;)Z @ 19
Event: 1.829 Thread 0x00000000034e7000 Uncommon trap: reason=class_check action=maybe_recompile pc=0x0000000003a3c994 method=java.util.regex.Pattern$Curly.match(Ljava/util/regex/Matcher;ILjava/lang/CharSequence;)Z @ 19
Event: 1.865 Thread 0x00000000034e7000 Uncommon trap: reason=unstable_if action=reinterpret pc=0x0000000003993b04 method=org.eclipse.jdt.launching.internal.org.objectweb.asm.SymbolTable.addConstantUtf8(Ljava/lang/String;)I @ 40
Event: 1.964 Thread 0x00000000034e7000 Uncommon trap: reason=class_check action=maybe_recompile pc=0x0000000003bd931c method=java.util.regex.Matcher.search(I)Z @ 86

Internal exceptions (10 events):
Event: 0.501 Thread 0x00000000034e7000 Exception <a 'java/security/PrivilegedActionException'> (0x00000000edecfb68) thrown at [C:\re\workspace\8-2-build-windows-amd64-cygwin\jdk8u151\9699\hotspot\src\share\vm\prims\jvm.cpp, line 1390]
Event: 0.649 Thread 0x00000000171b9800 Exception <a 'java/security/PrivilegedActionException'> (0x00000000eeb76370) thrown at [C:\re\workspace\8-2-build-windows-amd64-cygwin\jdk8u151\9699\hotspot\src\share\vm\prims\jvm.cpp, line 1390]
Event: 0.649 Thread 0x00000000171b9800 Exception <a 'java/security/PrivilegedActionException'> (0x00000000eeb76768) thrown at [C:\re\workspace\8-2-build-windows-amd64-cygwin\jdk8u151\9699\hotspot\src\share\vm\prims\jvm.cpp, line 1390]
Event: 0.650 Thread 0x00000000171b9800 Exception <a 'java/security/PrivilegedActionException'> (0x00000000eeb7a860) thrown at [C:\re\workspace\8-2-build-windows-amd64-cygwin\jdk8u151\9699\hotspot\src\share\vm\prims\jvm.cpp, line 1390]
Event: 0.650 Thread 0x00000000171b9800 Exception <a 'java/security/PrivilegedActionException'> (0x00000000eeb7ac58) thrown at [C:\re\workspace\8-2-build-windows-amd64-cygwin\jdk8u151\9699\hotspot\src\share\vm\prims\jvm.cpp, line 1390]
Event: 0.785 Thread 0x00000000034e7000 Exception <a 'java/io/FileNotFoundException'> (0x00000000ef5abfa0) thrown at [C:\re\workspace\8-2-build-windows-amd64-cygwin\jdk8u151\9699\hotspot\src\share\vm\prims\jni.cpp, line 709]
Event: 1.081 Thread 0x00000000034e7000 Exception <a 'java/lang/NoSuchFieldError': method resolution failed> (0x00000000efe41e28) thrown at [C:\re\workspace\8-2-build-windows-amd64-cygwin\jdk8u151\9699\hotspot\src\share\vm\prims\methodHandles.cpp, line 1146]
Event: 1.086 Thread 0x00000000034e7000 Exception <a 'java/lang/NoSuchFieldError': method resolution failed> (0x00000000efe4fdb8) thrown at [C:\re\workspace\8-2-build-windows-amd64-cygwin\jdk8u151\9699\hotspot\src\share\vm\prims\methodHandles.cpp, line 1146]
Event: 1.403 Thread 0x00000000034e7000 Exception <a 'java/lang/NoSuchMethodError': org.slf4j.impl.StaticMDCBinder.getSingleton()Lorg/slf4j/impl/StaticMDCBinder;> (0x00000000f118eed0) thrown at [C:\re\workspace\8-2-build-windows-amd64-cygwin\jdk8u151\9699\hotspot\src\share\vm\interpreter\linkRe
Event: 1.943 Thread 0x00000000034e7000 Exception <a 'java/lang/ArrayIndexOutOfBoundsException': 18> (0x00000000f2e6f0a0) thrown at [C:\re\workspace\8-2-build-windows-amd64-cygwin\jdk8u151\9699\hotspot\src\share\vm\interpreter\interpreterRuntime.cpp, line 366]

Events (10 events):
Event: 1.961 loading class com/nh/dataspider/missevan/model/MissEvanDrama done
Event: 1.961 loading class com/alibaba/fastjson/JSONObject
Event: 1.961 loading class com/alibaba/fastjson/JSONObject done
Event: 1.961 loading class java/util/function/Consumer
Event: 1.961 loading class java/util/function/Consumer done
Event: 1.963 loading class java/util/regex/Pattern$SliceS
Event: 1.964 loading class java/util/regex/Pattern$SliceS done
Event: 1.964 Thread 0x00000000034e7000 Uncommon trap: trap_request=0xffffffde fr.pc=0x0000000003bd931c
Event: 1.964 Thread 0x00000000034e7000 DEOPT PACKING pc=0x0000000003bd931c sp=0x000000000342f310
Event: 1.964 Thread 0x00000000034e7000 DEOPT UNPACKING pc=0x000000000373582a sp=0x000000000342f2c8 mode 2


Dynamic libraries:
0x00007ff6cba50000 - 0x00007ff6cba87000 	C:\Program Files\Java\jdk1.8.0_151\bin\javaw.exe
0x00007ffb6d6d0000 - 0x00007ffb6d8c5000 	C:\WINDOWS\SYSTEM32\ntdll.dll
0x00007ffb6be50000 - 0x00007ffb6bf0d000 	C:\WINDOWS\System32\KERNEL32.DLL
0x00007ffb6b0e0000 - 0x00007ffb6b3a8000 	C:\WINDOWS\System32\KERNELBASE.dll
0x00007ffb6c490000 - 0x00007ffb6c53c000 	C:\WINDOWS\System32\ADVAPI32.dll
0x00007ffb6baa0000 - 0x00007ffb6bb3e000 	C:\WINDOWS\System32\msvcrt.dll
0x00007ffb6d500000 - 0x00007ffb6d59b000 	C:\WINDOWS\System32\sechost.dll
0x00007ffb6c7e0000 - 0x00007ffb6c90b000 	C:\WINDOWS\System32\RPCRT4.dll
0x00007ffb6ca30000 - 0x00007ffb6cbd0000 	C:\WINDOWS\System32\USER32.dll
0x00007ffb6ae10000 - 0x00007ffb6ae32000 	C:\WINDOWS\System32\win32u.dll
0x00007ffb6c540000 - 0x00007ffb6c56a000 	C:\WINDOWS\System32\GDI32.dll
0x00007ffb6b600000 - 0x00007ffb6b70b000 	C:\WINDOWS\System32\gdi32full.dll
0x00007ffb6b4b0000 - 0x00007ffb6b54d000 	C:\WINDOWS\System32\msvcp_win.dll
0x00007ffb6b3b0000 - 0x00007ffb6b4b0000 	C:\WINDOWS\System32\ucrtbase.dll
0x00007ffb4f590000 - 0x00007ffb4f82a000 	C:\WINDOWS\WinSxS\amd64_microsoft.windows.common-controls_6595b64144ccf1df_6.0.19041.1052_none_60b8f8fd71f5e8cb\COMCTL32.dll
0x00007ffb6bd70000 - 0x00007ffb6bda0000 	C:\WINDOWS\System32\IMM32.DLL
0x00000000506f0000 - 0x00000000507c2000 	C:\Program Files\Java\jdk1.8.0_151\jre\bin\msvcr100.dll
0x0000000077760000 - 0x0000000077ffd000 	C:\Program Files\Java\jdk1.8.0_151\jre\bin\server\jvm.dll
0x00007ffb6d440000 - 0x00007ffb6d448000 	C:\WINDOWS\System32\PSAPI.DLL
0x00007ffb64800000 - 0x00007ffb64809000 	C:\WINDOWS\SYSTEM32\WSOCK32.dll
0x00007ffb6a8d0000 - 0x00007ffb6a8da000 	C:\WINDOWS\SYSTEM32\VERSION.dll
0x00007ffb6c5d0000 - 0x00007ffb6c63b000 	C:\WINDOWS\System32\WS2_32.dll
0x00007ffb570f0000 - 0x00007ffb57117000 	C:\WINDOWS\SYSTEM32\WINMM.dll
0x00000000506e0000 - 0x00000000506ef000 	C:\Program Files\Java\jdk1.8.0_151\jre\bin\verify.dll
0x00000000506b0000 - 0x00000000506d9000 	C:\Program Files\Java\jdk1.8.0_151\jre\bin\java.dll
0x0000000050670000 - 0x00000000506a5000 	C:\Program Files\Java\jdk1.8.0_151\jre\bin\jdwp.dll
0x0000000050660000 - 0x0000000050668000 	C:\Program Files\Java\jdk1.8.0_151\jre\bin\npt.dll
0x0000000050630000 - 0x0000000050653000 	C:\Program Files\Java\jdk1.8.0_151\jre\bin\instrument.dll
0x0000000050610000 - 0x0000000050626000 	C:\Program Files\Java\jdk1.8.0_151\jre\bin\zip.dll
0x00007ffb6cbd0000 - 0x00007ffb6d30f000 	C:\WINDOWS\System32\SHELL32.dll
0x00007ffb68f10000 - 0x00007ffb696a0000 	C:\WINDOWS\SYSTEM32\windows.storage.dll
0x00007ffb6b740000 - 0x00007ffb6ba95000 	C:\WINDOWS\System32\combase.dll
0x00007ffb6a740000 - 0x00007ffb6a76c000 	C:\WINDOWS\SYSTEM32\Wldp.dll
0x00007ffb6bda0000 - 0x00007ffb6be4e000 	C:\WINDOWS\System32\SHCORE.dll
0x00007ffb6c380000 - 0x00007ffb6c3d5000 	C:\WINDOWS\System32\shlwapi.dll
0x00007ffb6ad50000 - 0x00007ffb6ad6f000 	C:\WINDOWS\SYSTEM32\profapi.dll
0x0000000050600000 - 0x0000000050609000 	C:\Program Files\Java\jdk1.8.0_151\jre\bin\dt_socket.dll
0x00007ffb36ea0000 - 0x00007ffb36eb7000 	C:\WINDOWS\system32\napinsp.dll
0x00007ffb36e80000 - 0x00007ffb36e9b000 	C:\WINDOWS\system32\pnrpnsp.dll
0x00007ffb48660000 - 0x00007ffb48675000 	C:\WINDOWS\system32\wshbth.dll
0x00007ffb65820000 - 0x00007ffb6583d000 	C:\WINDOWS\system32\NLAapi.dll
0x00007ffb6a1a0000 - 0x00007ffb6a1db000 	C:\WINDOWS\SYSTEM32\IPHLPAPI.DLL
0x00007ffb6a4b0000 - 0x00007ffb6a51a000 	C:\WINDOWS\System32\mswsock.dll
0x00007ffb6a1e0000 - 0x00007ffb6a2ac000 	C:\WINDOWS\SYSTEM32\DNSAPI.dll
0x00007ffb6d680000 - 0x00007ffb6d688000 	C:\WINDOWS\System32\NSI.dll
0x00007ffb36e60000 - 0x00007ffb36e72000 	C:\WINDOWS\System32\winrnr.dll
0x00007ffb63c10000 - 0x00007ffb63c8f000 	C:\WINDOWS\System32\fwpuclnt.dll
0x00007ffb6b710000 - 0x00007ffb6b737000 	C:\WINDOWS\System32\bcrypt.dll
0x00007ffb64280000 - 0x00007ffb6428a000 	C:\Windows\System32\rasadhlp.dll
0x0000000050580000 - 0x00000000505a4000 	C:\Program Files\Java\jdk1.8.0_151\jre\bin\sunec.dll
0x00000000505e0000 - 0x00000000505fa000 	C:\Program Files\Java\jdk1.8.0_151\jre\bin\net.dll
0x00007ffb65120000 - 0x00007ffb65137000 	C:\WINDOWS\SYSTEM32\dhcpcsvc6.DLL
0x00007ffb65100000 - 0x00007ffb6511d000 	C:\WINDOWS\SYSTEM32\dhcpcsvc.DLL
0x00000000505b0000 - 0x00000000505c1000 	C:\Program Files\Java\jdk1.8.0_151\jre\bin\nio.dll
0x00007ffb6a680000 - 0x00007ffb6a698000 	C:\WINDOWS\SYSTEM32\CRYPTSP.dll
0x00007ffb69e50000 - 0x00007ffb69e84000 	C:\WINDOWS\system32\rsaenh.dll
0x00007ffb6ac80000 - 0x00007ffb6acae000 	C:\WINDOWS\SYSTEM32\USERENV.dll
0x00007ffb6b050000 - 0x00007ffb6b0d3000 	C:\WINDOWS\System32\bcryptprimitives.dll
0x00007ffb6a6a0000 - 0x00007ffb6a6ac000 	C:\WINDOWS\SYSTEM32\CRYPTBASE.dll
0x0000000050570000 - 0x000000005057b000 	C:\Program Files\Java\jdk1.8.0_151\jre\bin\sunmscapi.dll
0x00007ffb6ae40000 - 0x00007ffb6af9f000 	C:\WINDOWS\System32\CRYPT32.dll

VM Arguments:
jvm_args: -agentlib:jdwp=transport=dt_socket,suspend=y,address=localhost:52486 -Xmx800m -Xms800m -Xmn300m -Xss1024k -javaagent:D:\java\tool\sts-4.10.0.RELEASE\configuration\org.eclipse.osgi\254\0\.cp\lib\javaagent-shaded.jar -Dfile.encoding=UTF-8 
java_command: com.nh.dataspider.missevan.MissEvan
java_class_path (initial): F:\workspace-back\workspace_file\dataspider\target\classes;D:\java\maven\repository\org\springframework\boot\spring-boot-starter-web\2.3.5.RELEASE\spring-boot-starter-web-2.3.5.RELEASE.jar;D:\java\maven\repository\org\springframework\boot\spring-boot-starter\2.3.5.RELEASE\spring-boot-starter-2.3.5.RELEASE.jar;D:\java\maven\repository\org\springframework\boot\spring-boot\2.3.5.RELEASE\spring-boot-2.3.5.RELEASE.jar;D:\java\maven\repository\org\springframework\boot\spring-boot-autoconfigure\2.3.5.RELEASE\spring-boot-autoconfigure-2.3.5.RELEASE.jar;D:\java\maven\repository\org\springframework\boot\spring-boot-starter-logging\2.3.5.RELEASE\spring-boot-starter-logging-2.3.5.RELEASE.jar;D:\java\maven\repository\ch\qos\logback\logback-classic\1.2.3\logback-classic-1.2.3.jar;D:\java\maven\repository\ch\qos\logback\logback-core\1.2.3\logback-core-1.2.3.jar;D:\java\maven\repository\org\apache\logging\log4j\log4j-to-slf4j\2.13.3\log4j-to-slf4j-2.13.3.jar;D:\java\maven\repository\org\apache\logging\log4j\log4j-api\2.13.3\log4j-api-2.13.3.jar;D:\java\maven\repository\org\slf4j\jul-to-slf4j\1.7.30\jul-to-slf4j-1.7.30.jar;D:\java\maven\repository\jakarta\annotation\jakarta.annotation-api\1.3.5\jakarta.annotation-api-1.3.5.jar;D:\java\maven\repository\org\yaml\snakeyaml\1.26\snakeyaml-1.26.jar;D:\java\maven\repository\org\springframework\boot\spring-boot-starter-json\2.3.5.RELEASE\spring-boot-starter-json-2.3.5.RELEASE.jar;D:\java\maven\repository\com\fasterxml\jackson\core\jackson-databind\2.11.3\jackson-databind-2.11.3.jar;D:\java\maven\repository\com\fasterxml\jackson\core\jackson-annotations\2.11.3\jackson-annotations-2.11.3.jar;D:\java\maven\repository\com\fasterxml\jackson\core\jackson-core\2.11.3\jackson-core-2.11.3.jar;D:\java\maven\repository\com\fasterxml\jackson\datatype\jackson-datatype-jdk8\2.11.3\jackson-datatype-jdk8-2.11.3.jar;D:\java\maven\repository\com\fasterxml\jackson\datatype\jackson-datatype-jsr310\2.11.3\jackson-datatype-jsr310-2.
Launcher Type: SUN_STANDARD

Environment Variables:
JAVA_HOME=C:\Program Files\Java\jdk1.8.0_151
CLASSPATH=.;C:\Program Files\Java\jdk1.8.0_151\lib\dt.jar;C:\Program Files\Java\jdk1.8.0_151\lib\tools.jar;
PATH=C:\Program Files\Java\jdk1.8.0_151\jre\bin;D:/java/tool/sts-4.10.0.RELEASE//plugins/org.eclipse.justj.openjdk.hotspot.jre.full.win32.x86_64_15.0.2.v20210201-0955/jre/bin/server;D:/java/tool/sts-4.10.0.RELEASE//plugins/org.eclipse.justj.openjdk.hotspot.jre.full.win32.x86_64_15.0.2.v20210201-0955/jre/bin;C:\Program Files (x86)\Common Files\Oracle\Java\javapath;C:\ProgramData\Oracle\Java\javapath;C:\Program Files\Java\jdk1.8.0_151\bin;C:\Program Files\Java\jdk1.8.0_162\bin;C:\WINDOWS\system32;C:\WINDOWS;C:\WINDOWS\System32\Wbem;C:\WINDOWS\System32\WindowsPowerShell\v1.0\;C:\WINDOWS\System32\OpenSSH\;D:\mysql\mysql-5.7.25-winx64\bin;D:\CES\develop\tomcat\apache-tomcat-7.0.94\bin;D:\java\maven\apache-maven-3.6.0\bin;C:\Python27;C:\Program Files\TortoiseGit\bin;F:\ionic\android-sdk_r24.4.1-windows\android-sdk-windows\tools;G:\android\gradle-6.0\bin;F:\ionic\android-sdk_r24.4.1-windows\android-sdk-windows\platform-tools;C:\Program Files\TortoiseSVN\bin;F:\xy\git\Git\cmd;D:\nodejs\;D:\mysetup\Xshell7\;C:\Users\CES\AppData\Local\Microsoft\WindowsApps;F:\xy\vscode\Microsoft VS Code\bin;D:\nodejs\node_global;;D:\java\tool\sts-4.10.0.RELEASE;
USERNAME=CES
OS=Windows_NT
PROCESSOR_IDENTIFIER=Intel64 Family 6 Model 158 Stepping 10, GenuineIntel



---------------  S Y S T E M  ---------------

OS: Windows 10.0 , 64 bit Build 19041 (10.0.19041.1023)

CPU:total 6 (initial active 6) (6 cores per cpu, 1 threads per core) family 6 model 158 stepping 10, cmov, cx8, fxsr, mmx, sse, sse2, sse3, ssse3, sse4.1, sse4.2, popcnt, avx, avx2, aes, clmul, erms, rtm, 3dnowpref, lzcnt, tsc, tscinvbit, bmi1, bmi2, adx

Memory: 4k page, physical 12413308k(1017072k free), swap 25367324k(5608k free)

vm_info: Java HotSpot(TM) 64-Bit Server VM (25.151-b12) for windows-amd64 JRE (1.8.0_151-b12), built on Sep  5 2017 19:33:46 by "java_re" with MS VC++ 10.0 (VS2010)

time: Thu Jan 06 17:40:12 2022
elapsed time: 2 seconds (0d 0h 0m 2s)

